{"/home/hattori/learn-workspace/exercism/architecture/backend/ride/src/AccountService.ts": {"path":"/home/hattori/learn-workspace/exercism/architecture/backend/ride/src/AccountService.ts","statementMap":{"0":{"start":{"line":1,"column":0},"end":{"line":1,"column":28}},"1":{"start":{"line":2,"column":0},"end":{"line":2,"column":29}},"2":{"start":{"line":11,"column":4},"end":{"line":11,"column":41}},"3":{"start":{"line":15,"column":4},"end":{"line":54,"column":24}},"4":{"start":{"line":16,"column":6},"end":{"line":53,"column":7}},"5":{"start":{"line":17,"column":8},"end":{"line":52,"column":28}},"6":{"start":{"line":18,"column":10},"end":{"line":22,"column":30}},"7":{"start":{"line":23,"column":10},"end":{"line":51,"column":null}},"8":{"start":{"line":23,"column":40},"end":{"line":23,"column":52}},"9":{"start":{"line":24,"column":12},"end":{"line":50,"column":13}},"10":{"start":{"line":29,"column":14},"end":{"line":29,"column":26}},"11":{"start":{"line":30,"column":14},"end":{"line":30,"column":35}},"12":{"start":{"line":31,"column":14},"end":{"line":35,"column":15}},"13":{"start":{"line":31,"column":32},"end":{"line":31,"column":33}},"14":{"start":{"line":32,"column":16},"end":{"line":32,"column":69}},"15":{"start":{"line":33,"column":16},"end":{"line":33,"column":49}},"16":{"start":{"line":34,"column":16},"end":{"line":34,"column":49}},"17":{"start":{"line":36,"column":14},"end":{"line":36,"column":31}},"18":{"start":{"line":37,"column":14},"end":{"line":37,"column":53}},"19":{"start":{"line":38,"column":14},"end":{"line":38,"column":28}},"20":{"start":{"line":39,"column":14},"end":{"line":39,"column":31}},"21":{"start":{"line":40,"column":14},"end":{"line":43,"column":32}},"22":{"start":{"line":41,"column":16},"end":{"line":41,"column":24}},"23":{"start":{"line":43,"column":16},"end":{"line":43,"column":32}},"24":{"start":{"line":44,"column":32},"end":{"line":44,"column":73}},"25":{"start":{"line":45,"column":14},"end":{"line":45,"column":47}},"26":{"start":{"line":46,"column":14},"end":{"line":46,"column":47}},"27":{"start":{"line":48,"column":14},"end":{"line":48,"column":42}},"28":{"start":{"line":49,"column":14},"end":{"line":49,"column":27}},"29":{"start":{"line":51,"column":17},"end":{"line":51,"column":null}},"30":{"start":{"line":52,"column":15},"end":{"line":52,"column":28}},"31":{"start":{"line":54,"column":11},"end":{"line":54,"column":24}},"32":{"start":{"line":58,"column":23},"end":{"line":58,"column":77}},"33":{"start":{"line":59,"column":4},"end":{"line":78,"column":5}},"34":{"start":{"line":60,"column":24},"end":{"line":60,"column":43}},"35":{"start":{"line":61,"column":31},"end":{"line":61,"column":50}},"36":{"start":{"line":62,"column":19},"end":{"line":62,"column":29}},"37":{"start":{"line":63,"column":32},"end":{"line":63,"column":119}},"38":{"start":{"line":65,"column":6},"end":{"line":65,"column":69}},"39":{"start":{"line":65,"column":27},"end":{"line":65,"column":69}},"40":{"start":{"line":66,"column":6},"end":{"line":66,"column":83}},"41":{"start":{"line":66,"column":51},"end":{"line":66,"column":83}},"42":{"start":{"line":67,"column":6},"end":{"line":67,"column":78}},"43":{"start":{"line":67,"column":45},"end":{"line":67,"column":78}},"44":{"start":{"line":68,"column":6},"end":{"line":68,"column":71}},"45":{"start":{"line":68,"column":40},"end":{"line":68,"column":71}},"46":{"start":{"line":69,"column":6},"end":{"line":69,"column":104}},"47":{"start":{"line":69,"column":71},"end":{"line":69,"column":104}},"48":{"start":{"line":70,"column":6},"end":{"line":70,"column":349}},"49":{"start":{"line":71,"column":6},"end":{"line":71,"column":118}},"50":{"start":{"line":72,"column":6},"end":{"line":74,"column":null}},"51":{"start":{"line":77,"column":6},"end":{"line":77,"column":35}},"52":{"start":{"line":82,"column":23},"end":{"line":82,"column":77}},"53":{"start":{"line":83,"column":22},"end":{"line":83,"column":112}},"54":{"start":{"line":84,"column":4},"end":{"line":84,"column":33}},"55":{"start":{"line":85,"column":4},"end":{"line":85,"column":19}},"56":{"start":{"line":4,"column":0},"end":{"line":4,"column":21}}},"fnMap":{"0":{"name":"(anonymous_8)","decl":{"start":{"line":7,"column":2},"end":{"line":7,"column":null}},"loc":{"start":{"line":7,"column":2},"end":{"line":8,"column":3}}},"1":{"name":"(anonymous_9)","decl":{"start":{"line":10,"column":8},"end":{"line":10,"column":17}},"loc":{"start":{"line":10,"column":65},"end":{"line":12,"column":null}}},"2":{"name":"(anonymous_11)","decl":{"start":{"line":14,"column":2},"end":{"line":14,"column":13}},"loc":{"start":{"line":14,"column":25},"end":{"line":55,"column":3}}},"3":{"name":"(anonymous_12)","decl":{"start":{"line":23,"column":35},"end":{"line":23,"column":36}},"loc":{"start":{"line":23,"column":40},"end":{"line":23,"column":52}}},"4":{"name":"(anonymous_13)","decl":{"start":{"line":57,"column":8},"end":{"line":57,"column":14}},"loc":{"start":{"line":57,"column":25},"end":{"line":79,"column":null}}},"5":{"name":"(anonymous_15)","decl":{"start":{"line":81,"column":8},"end":{"line":81,"column":18}},"loc":{"start":{"line":81,"column":36},"end":{"line":86,"column":null}}}},"branchMap":{"0":{"loc":{"start":{"line":15,"column":4},"end":{"line":54,"column":24}},"type":"if","locations":[{"start":{"line":15,"column":4},"end":{"line":54,"column":24}},{"start":{"line":54,"column":11},"end":{"line":54,"column":24}}]},"1":{"loc":{"start":{"line":16,"column":6},"end":{"line":53,"column":7}},"type":"if","locations":[{"start":{"line":16,"column":6},"end":{"line":53,"column":7}}]},"2":{"loc":{"start":{"line":17,"column":8},"end":{"line":52,"column":28}},"type":"if","locations":[{"start":{"line":17,"column":8},"end":{"line":52,"column":28}},{"start":{"line":52,"column":15},"end":{"line":52,"column":28}}]},"3":{"loc":{"start":{"line":17,"column":12},"end":{"line":17,"column":48}},"type":"binary-expr","locations":[{"start":{"line":17,"column":12},"end":{"line":17,"column":28}},{"start":{"line":17,"column":32},"end":{"line":17,"column":48}}]},"4":{"loc":{"start":{"line":23,"column":10},"end":{"line":51,"column":null}},"type":"if","locations":[{"start":{"line":23,"column":10},"end":{"line":51,"column":null}},{"start":{"line":51,"column":17},"end":{"line":51,"column":null}}]},"5":{"loc":{"start":{"line":37,"column":20},"end":{"line":37,"column":52}},"type":"cond-expr","locations":[{"start":{"line":37,"column":33},"end":{"line":37,"column":40}},{"start":{"line":37,"column":43},"end":{"line":37,"column":52}}]},"6":{"loc":{"start":{"line":40,"column":14},"end":{"line":43,"column":32}},"type":"if","locations":[{"start":{"line":40,"column":14},"end":{"line":43,"column":32}},{"start":{"line":43,"column":16},"end":{"line":43,"column":32}}]},"7":{"loc":{"start":{"line":65,"column":6},"end":{"line":65,"column":69}},"type":"if","locations":[{"start":{"line":65,"column":6},"end":{"line":65,"column":69}}]},"8":{"loc":{"start":{"line":66,"column":6},"end":{"line":66,"column":83}},"type":"if","locations":[{"start":{"line":66,"column":6},"end":{"line":66,"column":83}}]},"9":{"loc":{"start":{"line":67,"column":6},"end":{"line":67,"column":78}},"type":"if","locations":[{"start":{"line":67,"column":6},"end":{"line":67,"column":78}}]},"10":{"loc":{"start":{"line":68,"column":6},"end":{"line":68,"column":71}},"type":"if","locations":[{"start":{"line":68,"column":6},"end":{"line":68,"column":71}}]},"11":{"loc":{"start":{"line":69,"column":6},"end":{"line":69,"column":104}},"type":"if","locations":[{"start":{"line":69,"column":6},"end":{"line":69,"column":104}}]},"12":{"loc":{"start":{"line":69,"column":10},"end":{"line":69,"column":69}},"type":"binary-expr","locations":[{"start":{"line":69,"column":10},"end":{"line":69,"column":24}},{"start":{"line":69,"column":28},"end":{"line":69,"column":69}}]}},"s":{"0":1,"1":1,"2":3,"3":5,"4":5,"5":5,"6":5,"7":5,"8":15,"9":5,"10":5,"11":5,"12":5,"13":5,"14":45,"15":45,"16":45,"17":5,"18":5,"19":5,"20":5,"21":5,"22":0,"23":5,"24":5,"25":5,"26":5,"27":0,"28":0,"29":0,"30":0,"31":0,"32":8,"33":8,"34":8,"35":8,"36":8,"37":8,"38":8,"39":1,"40":7,"41":1,"42":6,"43":1,"44":5,"45":1,"46":4,"47":1,"48":3,"49":3,"50":3,"51":8,"52":2,"53":2,"54":2,"55":2,"56":1},"f":{"0":7,"1":3,"2":5,"3":15,"4":8,"5":2},"b":{"0":[5,0],"1":[5],"2":[5,0],"3":[5,5],"4":[5,0],"5":[0,5],"6":[0,5],"7":[1],"8":[1],"9":[1],"10":[1],"11":[1],"12":[4,2]}}
}
