TN:
SF:src/AccountService.ts
FN:7,(anonymous_8)
FN:10,(anonymous_9)
FN:14,(anonymous_11)
FN:23,(anonymous_12)
FN:57,(anonymous_13)
FN:81,(anonymous_15)
FNF:6
FNH:6
FNDA:7,(anonymous_8)
FNDA:3,(anonymous_9)
FNDA:5,(anonymous_11)
FNDA:15,(anonymous_12)
FNDA:8,(anonymous_13)
FNDA:2,(anonymous_15)
DA:1,1
DA:2,1
DA:4,1
DA:11,3
DA:15,5
DA:16,5
DA:17,5
DA:18,5
DA:23,15
DA:24,5
DA:29,5
DA:30,5
DA:31,5
DA:32,45
DA:33,45
DA:34,45
DA:36,5
DA:37,5
DA:38,5
DA:39,5
DA:40,5
DA:41,0
DA:43,5
DA:44,5
DA:45,5
DA:46,5
DA:48,0
DA:49,0
DA:51,0
DA:52,0
DA:54,0
DA:58,8
DA:59,8
DA:60,8
DA:61,8
DA:62,8
DA:63,8
DA:65,8
DA:66,7
DA:67,6
DA:68,5
DA:69,4
DA:70,3
DA:71,3
DA:72,3
DA:77,8
DA:82,2
DA:83,2
DA:84,2
DA:85,2
LF:50
LH:44
BRDA:15,0,0,5
BRDA:15,0,1,0
BRDA:16,1,0,5
BRDA:17,2,0,5
BRDA:17,2,1,0
BRDA:17,3,0,5
BRDA:17,3,1,5
BRDA:23,4,0,5
BRDA:23,4,1,0
BRDA:37,5,0,0
BRDA:37,5,1,5
BRDA:40,6,0,0
BRDA:40,6,1,5
BRDA:65,7,0,1
BRDA:66,8,0,1
BRDA:67,9,0,1
BRDA:68,10,0,1
BRDA:69,11,0,1
BRDA:69,12,0,4
BRDA:69,12,1,2
BRF:20
BRH:15
end_of_record
